2022-05-21 12:05:42,413 INFO     __main__                                           55    Beginning batch measurement using configuration below:
2022-05-21 12:05:42,414 INFO     __main__                                           56    Images folder: data/result_validation/
2022-05-21 12:05:42,414 INFO     __main__                                           57    Path file folder: results/tuning_results/AdamW/mask7/
2022-05-21 12:05:42,414 INFO     __main__                                           58    Template config file folder: configs/_optimal/conf_template_m7.py
2022-05-21 12:05:42,414 INFO     __main__                                           15    Filename without extension is: pth_set_base_set_bbone50_m_7_lr_7.5e-05_wd_0.0007499999999999999
2022-05-21 12:05:42,414 INFO     __main__                                           26    Config file changed successfully!..
2022-05-21 12:05:42,414 INFO     __main__                                           69    File: results/tuning_results/AdamW/mask7/set_base_set_bbone50_m_7_lr_7.5e-05_wd_0.0007499999999999999/pth_set_base_set_bbone50_m_7_lr_7.5e-05_wd_0.0007499999999999999.pth
2022-05-21 12:05:42,414 INFO     __main__                                           70    lr: set   - wd: set
2022-05-21 12:05:42,414 INFO     __main__                                           73    Saving new config file to: results/tuning_results/AdamW/mask7/set_base_set_bbone50_m_7_lr_7.5e-05_wd_0.0007499999999999999/config_pointrend50_lr_set_wd_set.py
2022-05-21 12:05:42,414 INFO     __main__                                           76    Config file saved successfully
2022-05-21 12:05:47,903 INFO     __main__                                           15    Filename without extension is: pth_set_base_set_bbone50_m_7_lr_0.0001_wd_1e-05
2022-05-21 12:05:47,903 INFO     __main__                                           26    Config file changed successfully!..
2022-05-21 12:05:47,903 INFO     __main__                                           69    File: results/tuning_results/AdamW/mask7/set_base_set_bbone50_m_7_lr_0.0001_wd_1e-05/pth_set_base_set_bbone50_m_7_lr_0.0001_wd_1e-05.pth
2022-05-21 12:05:47,903 INFO     __main__                                           70    lr: set   - wd: set
2022-05-21 12:05:47,903 INFO     __main__                                           73    Saving new config file to: results/tuning_results/AdamW/mask7/set_base_set_bbone50_m_7_lr_0.0001_wd_1e-05/config_pointrend50_lr_set_wd_set.py
2022-05-21 12:05:47,903 INFO     __main__                                           76    Config file saved successfully
2022-05-21 12:14:01,310 INFO     __main__                                           60    Beginning batch measurement using configuration below:
2022-05-21 12:14:01,310 INFO     __main__                                           61    Images folder: data/result_validation/
2022-05-21 12:14:01,310 INFO     __main__                                           62    Path file folder: results/tuning_results/AdamW/mask7/
2022-05-21 12:14:01,310 INFO     __main__                                           63    Template config file folder: configs/_optimal/conf_template_m7.py
2022-05-21 12:14:01,310 INFO     __main__                                           75    Path file: results/tuning_results/AdamW/mask7/set_base_set_bbone50_m_7_lr_7.5e-05_wd_0.0007499999999999999/pth_set_base_set_bbone50_m_7_lr_7.5e-05_wd_0.0007499999999999999.pth
2022-05-21 12:14:01,310 INFO     __main__                                           76    Conf file: results/tuning_results/AdamW/mask7/set_base_set_bbone50_m_7_lr_7.5e-05_wd_0.0007499999999999999/config_set_base_set_bbone50_m_7_lr_7.5e-05_wd_0.0007499999999999999.py
2022-05-21 12:14:06,576 INFO     __main__                                           75    Path file: results/tuning_results/AdamW/mask7/set_base_set_bbone50_m_7_lr_0.0001_wd_1e-05/pth_set_base_set_bbone50_m_7_lr_0.0001_wd_1e-05.pth
2022-05-21 12:14:06,576 INFO     __main__                                           76    Conf file: results/tuning_results/AdamW/mask7/set_base_set_bbone50_m_7_lr_0.0001_wd_1e-05/config_set_base_set_bbone50_m_7_lr_0.0001_wd_1e-05.py
2022-05-21 12:20:27,704 INFO     __main__                                           60    Beginning batch measurement using configuration below:
2022-05-21 12:20:27,704 INFO     __main__                                           61    Images folder: data/result_validation/
2022-05-21 12:20:27,704 INFO     __main__                                           62    Path file folder: results/tuning_results/AdamW/mask7/
2022-05-21 12:20:27,705 INFO     __main__                                           63    Template config file folder: configs/_optimal/conf_template_m7.py
2022-05-21 12:20:27,705 INFO     __main__                                           75    Path file: results/tuning_results/AdamW/mask7/set_base_set_bbone50_m_7_lr_7.5e-05_wd_0.0007499999999999999/pth_set_base_set_bbone50_m_7_lr_7.5e-05_wd_0.0007499999999999999.pth
2022-05-21 12:20:27,705 INFO     __main__                                           76    Conf file: results/tuning_results/AdamW/mask7/set_base_set_bbone50_m_7_lr_7.5e-05_wd_0.0007499999999999999/config_set_base_set_bbone50_m_7_lr_7.5e-05_wd_0.0007499999999999999.py
2022-05-21 12:20:32,899 INFO     __main__                                           75    Path file: results/tuning_results/AdamW/mask7/set_base_set_bbone50_m_7_lr_0.0001_wd_1e-05/pth_set_base_set_bbone50_m_7_lr_0.0001_wd_1e-05.pth
2022-05-21 12:20:32,899 INFO     __main__                                           76    Conf file: results/tuning_results/AdamW/mask7/set_base_set_bbone50_m_7_lr_0.0001_wd_1e-05/config_set_base_set_bbone50_m_7_lr_0.0001_wd_1e-05.py
2022-05-21 12:20:38,156 INFO     __main__                                           75    Path file: results/tuning_results/AdamW/mask7/set_base_set_bbone50_m_7_lr_2.5e-05_wd_2.5e-06/pth_set_base_set_bbone50_m_7_lr_2.5e-05_wd_2.5e-06.pth
2022-05-21 12:20:38,156 INFO     __main__                                           76    Conf file: results/tuning_results/AdamW/mask7/set_base_set_bbone50_m_7_lr_2.5e-05_wd_2.5e-06/config_set_base_set_bbone50_m_7_lr_2.5e-05_wd_2.5e-06.py
2022-05-21 12:20:43,529 INFO     __main__                                           75    Path file: results/tuning_results/AdamW/mask7/set_base_set_bbone50_m_7_lr_5e-05_wd_5e-05/pth_set_base_set_bbone50_m_7_lr_5e-05_wd_5e-05.pth
2022-05-21 12:20:43,529 INFO     __main__                                           76    Conf file: results/tuning_results/AdamW/mask7/set_base_set_bbone50_m_7_lr_5e-05_wd_5e-05/config_set_base_set_bbone50_m_7_lr_5e-05_wd_5e-05.py
2022-05-21 12:21:04,416 INFO     __main__                                           60    Beginning batch measurement using configuration below:
2022-05-21 12:21:04,416 INFO     __main__                                           61    Images folder: data/result_validation/
2022-05-21 12:21:04,416 INFO     __main__                                           62    Path file folder: results/tuning_results/AdamW/mask7/
2022-05-21 12:21:04,416 INFO     __main__                                           63    Template config file folder: configs/_optimal/conf_template_m7.py
2022-05-21 12:21:04,417 INFO     __main__                                           75    Path file: results/tuning_results/AdamW/mask7/set_base_set_bbone50_m_7_lr_7.5e-05_wd_0.0007499999999999999/pth_set_base_set_bbone50_m_7_lr_7.5e-05_wd_0.0007499999999999999.pth
2022-05-21 12:21:04,417 INFO     __main__                                           76    Conf file: results/tuning_results/AdamW/mask7/set_base_set_bbone50_m_7_lr_7.5e-05_wd_0.0007499999999999999/config_set_base_set_bbone50_m_7_lr_7.5e-05_wd_0.0007499999999999999.py
2022-05-21 12:21:21,547 INFO     __main__                                           75    Path file: results/tuning_results/AdamW/mask7/set_base_set_bbone50_m_7_lr_0.0001_wd_1e-05/pth_set_base_set_bbone50_m_7_lr_0.0001_wd_1e-05.pth
2022-05-21 12:21:21,547 INFO     __main__                                           76    Conf file: results/tuning_results/AdamW/mask7/set_base_set_bbone50_m_7_lr_0.0001_wd_1e-05/config_set_base_set_bbone50_m_7_lr_0.0001_wd_1e-05.py
2022-05-21 12:25:24,492 INFO     __main__                                           60    Beginning batch measurement using configuration below:
2022-05-21 12:25:24,492 INFO     __main__                                           61    Images folder: data/result_validation/
2022-05-21 12:25:24,492 INFO     __main__                                           62    Path file folder: results/tuning_results/AdamW/mask7/
2022-05-21 12:25:24,492 INFO     __main__                                           63    Template config file folder: configs/_optimal/conf_template_m7.py
2022-05-21 12:25:24,493 INFO     __main__                                           75    Path file: results/tuning_results/AdamW/mask7/set_base_set_bbone50_m_7_lr_7.5e-05_wd_0.0007499999999999999/pth_set_base_set_bbone50_m_7_lr_7.5e-05_wd_0.0007499999999999999.pth
2022-05-21 12:25:24,493 INFO     __main__                                           76    Conf file: results/tuning_results/AdamW/mask7/set_base_set_bbone50_m_7_lr_7.5e-05_wd_0.0007499999999999999/config_set_base_set_bbone50_m_7_lr_7.5e-05_wd_0.0007499999999999999.py
2022-05-21 12:26:51,220 INFO     __main__                                           75    Path file: results/tuning_results/AdamW/mask7/set_base_set_bbone50_m_7_lr_0.0001_wd_1e-05/pth_set_base_set_bbone50_m_7_lr_0.0001_wd_1e-05.pth
2022-05-21 12:26:51,220 INFO     __main__                                           76    Conf file: results/tuning_results/AdamW/mask7/set_base_set_bbone50_m_7_lr_0.0001_wd_1e-05/config_set_base_set_bbone50_m_7_lr_0.0001_wd_1e-05.py
2022-05-21 12:28:20,384 INFO     __main__                                           75    Path file: results/tuning_results/AdamW/mask7/set_base_set_bbone50_m_7_lr_2.5e-05_wd_2.5e-06/pth_set_base_set_bbone50_m_7_lr_2.5e-05_wd_2.5e-06.pth
2022-05-21 12:28:20,384 INFO     __main__                                           76    Conf file: results/tuning_results/AdamW/mask7/set_base_set_bbone50_m_7_lr_2.5e-05_wd_2.5e-06/config_set_base_set_bbone50_m_7_lr_2.5e-05_wd_2.5e-06.py
2022-05-21 12:29:57,989 INFO     __main__                                           75    Path file: results/tuning_results/AdamW/mask7/set_base_set_bbone50_m_7_lr_5e-05_wd_5e-05/pth_set_base_set_bbone50_m_7_lr_5e-05_wd_5e-05.pth
2022-05-21 12:29:57,989 INFO     __main__                                           76    Conf file: results/tuning_results/AdamW/mask7/set_base_set_bbone50_m_7_lr_5e-05_wd_5e-05/config_set_base_set_bbone50_m_7_lr_5e-05_wd_5e-05.py
2022-05-21 12:31:33,645 INFO     __main__                                           75    Path file: results/tuning_results/AdamW/mask7/set_base_set_bbone50_m_7_lr_0.0001_wd_0.001/pth_set_base_set_bbone50_m_7_lr_0.0001_wd_0.001.pth
2022-05-21 12:31:33,645 INFO     __main__                                           76    Conf file: results/tuning_results/AdamW/mask7/set_base_set_bbone50_m_7_lr_0.0001_wd_0.001/config_set_base_set_bbone50_m_7_lr_0.0001_wd_0.001.py
2022-05-21 12:33:08,821 INFO     __main__                                           75    Path file: results/tuning_results/AdamW/mask7/set_base_set_bbone50_m_7_lr_1e-05_wd_0.0001/pth_set_base_set_bbone50_m_7_lr_1e-05_wd_0.0001.pth
2022-05-21 12:33:08,822 INFO     __main__                                           76    Conf file: results/tuning_results/AdamW/mask7/set_base_set_bbone50_m_7_lr_1e-05_wd_0.0001/config_set_base_set_bbone50_m_7_lr_1e-05_wd_0.0001.py
2022-05-21 12:34:44,703 INFO     __main__                                           75    Path file: results/tuning_results/AdamW/mask7/set_base_set_bbone50_m_7_lr_0.0001_wd_0.0001/pth_set_base_set_bbone50_m_7_lr_0.0001_wd_0.0001.pth
2022-05-21 12:34:44,703 INFO     __main__                                           76    Conf file: results/tuning_results/AdamW/mask7/set_base_set_bbone50_m_7_lr_0.0001_wd_0.0001/config_set_base_set_bbone50_m_7_lr_0.0001_wd_0.0001.py
2022-05-21 12:36:20,124 INFO     __main__                                           75    Path file: results/tuning_results/AdamW/mask7/set_base_set_bbone50_m_7_lr_2.5e-05_wd_0.00025/pth_set_base_set_bbone50_m_7_lr_2.5e-05_wd_0.00025.pth
2022-05-21 12:36:20,124 INFO     __main__                                           76    Conf file: results/tuning_results/AdamW/mask7/set_base_set_bbone50_m_7_lr_2.5e-05_wd_0.00025/config_set_base_set_bbone50_m_7_lr_2.5e-05_wd_0.00025.py
2022-05-21 12:37:56,143 INFO     __main__                                           75    Path file: results/tuning_results/AdamW/mask7/set_base_set_bbone50_m_7_lr_2.5e-05_wd_2.5e-05/pth_set_base_set_bbone50_m_7_lr_2.5e-05_wd_2.5e-05.pth
2022-05-21 12:37:56,143 INFO     __main__                                           76    Conf file: results/tuning_results/AdamW/mask7/set_base_set_bbone50_m_7_lr_2.5e-05_wd_2.5e-05/config_set_base_set_bbone50_m_7_lr_2.5e-05_wd_2.5e-05.py
2022-05-21 12:39:31,358 INFO     __main__                                           75    Path file: results/tuning_results/AdamW/mask7/set_base_set_bbone50_m_7_lr_5e-05_wd_0.0005/pth_set_base_set_bbone50_m_7_lr_5e-05_wd_0.0005.pth
2022-05-21 12:39:31,358 INFO     __main__                                           76    Conf file: results/tuning_results/AdamW/mask7/set_base_set_bbone50_m_7_lr_5e-05_wd_0.0005/config_set_base_set_bbone50_m_7_lr_5e-05_wd_0.0005.py
2022-05-21 12:41:06,092 INFO     __main__                                           75    Path file: results/tuning_results/AdamW/mask7/set_base_set_bbone50_m_7_lr_5e-05_wd_5e-06/pth_set_base_set_bbone50_m_7_lr_5e-05_wd_5e-06.pth
2022-05-21 12:41:06,092 INFO     __main__                                           76    Conf file: results/tuning_results/AdamW/mask7/set_base_set_bbone50_m_7_lr_5e-05_wd_5e-06/config_set_base_set_bbone50_m_7_lr_5e-05_wd_5e-06.py
2022-05-21 12:42:41,560 INFO     __main__                                           75    Path file: results/tuning_results/AdamW/mask7/set_base_set_bbone50_m_7_lr_7.5e-05_wd_7.499999999999999e-06/pth_set_base_set_bbone50_m_7_lr_7.5e-05_wd_7.499999999999999e-06.pth
2022-05-21 12:42:41,565 INFO     __main__                                           76    Conf file: results/tuning_results/AdamW/mask7/set_base_set_bbone50_m_7_lr_7.5e-05_wd_7.499999999999999e-06/config_set_base_set_bbone50_m_7_lr_7.5e-05_wd_7.499999999999999e-06.py
2022-05-21 12:44:18,243 INFO     __main__                                           75    Path file: results/tuning_results/AdamW/mask7/set_base_set_bbone50_m_7_lr_1e-05_wd_1e-05/pth_set_base_set_bbone50_m_7_lr_1e-05_wd_1e-05.pth
2022-05-21 12:44:18,243 INFO     __main__                                           76    Conf file: results/tuning_results/AdamW/mask7/set_base_set_bbone50_m_7_lr_1e-05_wd_1e-05/config_set_base_set_bbone50_m_7_lr_1e-05_wd_1e-05.py
2022-05-21 12:45:54,735 INFO     __main__                                           75    Path file: results/tuning_results/AdamW/mask7/set_base_set_bbone50_m_7_lr_1e-05_wd_1.0000000000000002e-06/pth_set_base_set_bbone50_m_7_lr_1e-05_wd_1.0000000000000002e-06.pth
2022-05-21 12:45:54,735 INFO     __main__                                           76    Conf file: results/tuning_results/AdamW/mask7/set_base_set_bbone50_m_7_lr_1e-05_wd_1.0000000000000002e-06/config_set_base_set_bbone50_m_7_lr_1e-05_wd_1.0000000000000002e-06.py
2022-05-21 12:47:30,064 INFO     __main__                                           75    Path file: results/tuning_results/AdamW/mask7/set_base_set_bbone50_m_7_lr_7.5e-05_wd_7.5e-05/pth_set_base_set_bbone50_m_7_lr_7.5e-05_wd_7.5e-05.pth
2022-05-21 12:47:30,064 INFO     __main__                                           76    Conf file: results/tuning_results/AdamW/mask7/set_base_set_bbone50_m_7_lr_7.5e-05_wd_7.5e-05/config_set_base_set_bbone50_m_7_lr_7.5e-05_wd_7.5e-05.py
2022-05-21 14:28:14,094 INFO     __main__                                           60    Beginning batch measurement using configuration below:
2022-05-21 14:28:14,094 INFO     __main__                                           61    Images folder: data/result_validation/
2022-05-21 14:28:14,094 INFO     __main__                                           62    Path file folder: results/tuning_results/AdamW/mask7/
2022-05-21 14:28:14,094 INFO     __main__                                           63    Template config file folder: configs/_optimal/conf_template_m7.py
2022-05-21 14:28:14,094 INFO     __main__                                           75    Path file: results/tuning_results/AdamW/mask7/set_base_set_bbone50_m_7_lr_7.5e-05_wd_0.0007499999999999999/pth_set_base_set_bbone50_m_7_lr_7.5e-05_wd_0.0007499999999999999.pth
2022-05-21 14:28:14,095 INFO     __main__                                           76    Conf file: results/tuning_results/AdamW/mask7/set_base_set_bbone50_m_7_lr_7.5e-05_wd_0.0007499999999999999/config_set_base_set_bbone50_m_7_lr_7.5e-05_wd_0.0007499999999999999.py
2022-05-21 14:30:19,932 INFO     __main__                                           75    Path file: results/tuning_results/AdamW/mask7/set_base_set_bbone50_m_7_lr_0.0001_wd_1e-05/pth_set_base_set_bbone50_m_7_lr_0.0001_wd_1e-05.pth
2022-05-21 14:30:19,944 INFO     __main__                                           76    Conf file: results/tuning_results/AdamW/mask7/set_base_set_bbone50_m_7_lr_0.0001_wd_1e-05/config_set_base_set_bbone50_m_7_lr_0.0001_wd_1e-05.py
2022-05-21 14:32:16,209 INFO     __main__                                           75    Path file: results/tuning_results/AdamW/mask7/set_base_set_bbone50_m_7_lr_2.5e-05_wd_2.5e-06/pth_set_base_set_bbone50_m_7_lr_2.5e-05_wd_2.5e-06.pth
2022-05-21 14:32:16,209 INFO     __main__                                           76    Conf file: results/tuning_results/AdamW/mask7/set_base_set_bbone50_m_7_lr_2.5e-05_wd_2.5e-06/config_set_base_set_bbone50_m_7_lr_2.5e-05_wd_2.5e-06.py
2022-05-21 14:34:14,912 INFO     __main__                                           75    Path file: results/tuning_results/AdamW/mask7/set_base_set_bbone50_m_7_lr_5e-05_wd_5e-05/pth_set_base_set_bbone50_m_7_lr_5e-05_wd_5e-05.pth
2022-05-21 14:34:14,912 INFO     __main__                                           76    Conf file: results/tuning_results/AdamW/mask7/set_base_set_bbone50_m_7_lr_5e-05_wd_5e-05/config_set_base_set_bbone50_m_7_lr_5e-05_wd_5e-05.py
2022-05-21 14:35:59,114 INFO     __main__                                           75    Path file: results/tuning_results/AdamW/mask7/set_base_set_bbone50_m_7_lr_0.0001_wd_0.001/pth_set_base_set_bbone50_m_7_lr_0.0001_wd_0.001.pth
2022-05-21 14:35:59,123 INFO     __main__                                           76    Conf file: results/tuning_results/AdamW/mask7/set_base_set_bbone50_m_7_lr_0.0001_wd_0.001/config_set_base_set_bbone50_m_7_lr_0.0001_wd_0.001.py
2022-05-21 14:37:53,325 INFO     __main__                                           75    Path file: results/tuning_results/AdamW/mask7/set_base_set_bbone50_m_7_lr_1e-05_wd_0.0001/pth_set_base_set_bbone50_m_7_lr_1e-05_wd_0.0001.pth
2022-05-21 14:37:53,325 INFO     __main__                                           76    Conf file: results/tuning_results/AdamW/mask7/set_base_set_bbone50_m_7_lr_1e-05_wd_0.0001/config_set_base_set_bbone50_m_7_lr_1e-05_wd_0.0001.py
2022-05-21 14:39:31,161 INFO     __main__                                           75    Path file: results/tuning_results/AdamW/mask7/set_base_set_bbone50_m_7_lr_0.0001_wd_0.0001/pth_set_base_set_bbone50_m_7_lr_0.0001_wd_0.0001.pth
2022-05-21 14:39:31,162 INFO     __main__                                           76    Conf file: results/tuning_results/AdamW/mask7/set_base_set_bbone50_m_7_lr_0.0001_wd_0.0001/config_set_base_set_bbone50_m_7_lr_0.0001_wd_0.0001.py
2022-05-21 14:41:10,984 INFO     __main__                                           75    Path file: results/tuning_results/AdamW/mask7/set_base_set_bbone50_m_7_lr_2.5e-05_wd_0.00025/pth_set_base_set_bbone50_m_7_lr_2.5e-05_wd_0.00025.pth
2022-05-21 14:41:10,992 INFO     __main__                                           76    Conf file: results/tuning_results/AdamW/mask7/set_base_set_bbone50_m_7_lr_2.5e-05_wd_0.00025/config_set_base_set_bbone50_m_7_lr_2.5e-05_wd_0.00025.py
2022-05-21 14:42:48,955 INFO     __main__                                           75    Path file: results/tuning_results/AdamW/mask7/set_base_set_bbone50_m_7_lr_2.5e-05_wd_2.5e-05/pth_set_base_set_bbone50_m_7_lr_2.5e-05_wd_2.5e-05.pth
2022-05-21 14:42:48,955 INFO     __main__                                           76    Conf file: results/tuning_results/AdamW/mask7/set_base_set_bbone50_m_7_lr_2.5e-05_wd_2.5e-05/config_set_base_set_bbone50_m_7_lr_2.5e-05_wd_2.5e-05.py
2022-05-21 14:44:26,795 INFO     __main__                                           75    Path file: results/tuning_results/AdamW/mask7/set_base_set_bbone50_m_7_lr_5e-05_wd_0.0005/pth_set_base_set_bbone50_m_7_lr_5e-05_wd_0.0005.pth
2022-05-21 14:44:26,795 INFO     __main__                                           76    Conf file: results/tuning_results/AdamW/mask7/set_base_set_bbone50_m_7_lr_5e-05_wd_0.0005/config_set_base_set_bbone50_m_7_lr_5e-05_wd_0.0005.py
2022-05-21 14:46:04,768 INFO     __main__                                           75    Path file: results/tuning_results/AdamW/mask7/set_base_set_bbone50_m_7_lr_5e-05_wd_5e-06/pth_set_base_set_bbone50_m_7_lr_5e-05_wd_5e-06.pth
2022-05-21 14:46:04,768 INFO     __main__                                           76    Conf file: results/tuning_results/AdamW/mask7/set_base_set_bbone50_m_7_lr_5e-05_wd_5e-06/config_set_base_set_bbone50_m_7_lr_5e-05_wd_5e-06.py
2022-05-21 14:47:42,518 INFO     __main__                                           75    Path file: results/tuning_results/AdamW/mask7/set_base_set_bbone50_m_7_lr_7.5e-05_wd_7.499999999999999e-06/pth_set_base_set_bbone50_m_7_lr_7.5e-05_wd_7.499999999999999e-06.pth
2022-05-21 14:47:42,527 INFO     __main__                                           76    Conf file: results/tuning_results/AdamW/mask7/set_base_set_bbone50_m_7_lr_7.5e-05_wd_7.499999999999999e-06/config_set_base_set_bbone50_m_7_lr_7.5e-05_wd_7.499999999999999e-06.py
2022-05-21 14:49:20,585 INFO     __main__                                           75    Path file: results/tuning_results/AdamW/mask7/set_base_set_bbone50_m_7_lr_1e-05_wd_1e-05/pth_set_base_set_bbone50_m_7_lr_1e-05_wd_1e-05.pth
2022-05-21 14:49:20,585 INFO     __main__                                           76    Conf file: results/tuning_results/AdamW/mask7/set_base_set_bbone50_m_7_lr_1e-05_wd_1e-05/config_set_base_set_bbone50_m_7_lr_1e-05_wd_1e-05.py
2022-05-21 14:50:58,946 INFO     __main__                                           75    Path file: results/tuning_results/AdamW/mask7/set_base_set_bbone50_m_7_lr_1e-05_wd_1.0000000000000002e-06/pth_set_base_set_bbone50_m_7_lr_1e-05_wd_1.0000000000000002e-06.pth
2022-05-21 14:50:58,946 INFO     __main__                                           76    Conf file: results/tuning_results/AdamW/mask7/set_base_set_bbone50_m_7_lr_1e-05_wd_1.0000000000000002e-06/config_set_base_set_bbone50_m_7_lr_1e-05_wd_1.0000000000000002e-06.py
2022-05-21 14:52:54,745 INFO     __main__                                           75    Path file: results/tuning_results/AdamW/mask7/set_base_set_bbone50_m_7_lr_7.5e-05_wd_7.5e-05/pth_set_base_set_bbone50_m_7_lr_7.5e-05_wd_7.5e-05.pth
2022-05-21 14:52:54,754 INFO     __main__                                           76    Conf file: results/tuning_results/AdamW/mask7/set_base_set_bbone50_m_7_lr_7.5e-05_wd_7.5e-05/config_set_base_set_bbone50_m_7_lr_7.5e-05_wd_7.5e-05.py
